<?xml version="1.0" encoding="UTF-8"?>
<testsuite xmlns:xsi="http://www.w3.org/2001/XMLSchema-instance" xsi:noNamespaceSchemaLocation="https://maven.apache.org/surefire/maven-surefire-plugin/xsd/surefire-test-report-3.0.xsd" version="3.0" name="com.example.APIGATEWAY.ApiGatewayApplicationTests" time="9.489" tests="1" errors="0" skipped="0" failures="0">
  <properties>
[...]
</properties>
  <testcase name="contextLoads" classname="com.example.APIGATEWAY.ApiGatewayApplicationTests" time="0.815">
    <system-out><![CDATA[17:05:25.476 [main] INFO org.springframework.test.context.support.AnnotationConfigContextLoaderUtils -- Could not detect default configuration classes for test class [com.example.APIGATEWAY.ApiGatewayApplicationTests]: ApiGatewayApplicationTests does not declare any static, non-private, non-final, nested classes annotated with @Configuration.
17:05:25.581 [main] INFO org.springframework.boot.test.context.SpringBootTestContextBootstrapper -- Found @SpringBootConfiguration com.example.APIGATEWAY.ApiGatewayApplication for test class com.example.APIGATEWAY.ApiGatewayApplicationTests

  .   ____          _            __ _ _
 /\\ / ___'_ __ _ _(_)_ __  __ _ \ \ \ \
( ( )\___ | '_ | '_| | '_ \/ _` | \ \ \ \
 \\/  ___)| |_)| | | | | || (_| |  ) ) ) )
  '  |____| .__|_| |_|_| |_\__, | / / / /
 =========|_|==============|___/=/_/_/_/
 :: Spring Boot ::                (v3.2.5)

2024-05-20T17:05:27.199+05:30  INFO 1880 --- [API-GATEWAY] [           main] c.e.A.ApiGatewayApplicationTests         : Starting ApiGatewayApplicationTests using Java 17.0.11 with PID 1880 (started by SOUVIK GHOSH in D:\SPE\Backend\API-GATEWAY\API-GATEWAY)
2024-05-20T17:05:27.200+05:30  INFO 1880 --- [API-GATEWAY] [           main] c.e.A.ApiGatewayApplicationTests         : No active profile set, falling back to 1 default profile: "default"
2024-05-20T17:05:28.189+05:30  INFO 1880 --- [API-GATEWAY] [           main] o.s.cloud.context.scope.GenericScope     : BeanFactory id=17e559d9-e525-33fe-a60b-70f00befb944
2024-05-20T17:05:28.308+05:30  WARN 1880 --- [API-GATEWAY] [           main] trationDelegate$BeanPostProcessorChecker : Bean 'org.springframework.cloud.client.loadbalancer.LoadBalancerAutoConfiguration$DeferringLoadBalancerInterceptorConfig' of type [org.springframework.cloud.client.loadbalancer.LoadBalancerAutoConfiguration$DeferringLoadBalancerInterceptorConfig] is not eligible for getting processed by all BeanPostProcessors (for example: not eligible for auto-proxying). The currently created BeanPostProcessor [lbRestClientPostProcessor] is declared through a non-static factory method on that class; consider declaring it as static instead.
2024-05-20T17:05:28.311+05:30  WARN 1880 --- [API-GATEWAY] [           main] trationDelegate$BeanPostProcessorChecker : Bean 'deferringLoadBalancerInterceptor' of type [org.springframework.cloud.client.loadbalancer.DeferringLoadBalancerInterceptor] is not eligible for getting processed by all BeanPostProcessors (for example: not eligible for auto-proxying). Is this bean getting eagerly injected into a currently created BeanPostProcessor [lbRestClientPostProcessor]? Check the corresponding BeanPostProcessor declaration and its dependencies.
2024-05-20T17:05:28.313+05:30  WARN 1880 --- [API-GATEWAY] [           main] trationDelegate$BeanPostProcessorChecker : Bean 'org.springframework.cloud.client.loadbalancer.reactive.LoadBalancerBeanPostProcessorAutoConfiguration' of type [org.springframework.cloud.client.loadbalancer.reactive.LoadBalancerBeanPostProcessorAutoConfiguration] is not eligible for getting processed by all BeanPostProcessors (for example: not eligible for auto-proxying). The currently created BeanPostProcessor [loadBalancerWebClientBuilderBeanPostProcessor] is declared through a non-static factory method on that class; consider declaring it as static instead.
2024-05-20T17:05:28.314+05:30  WARN 1880 --- [API-GATEWAY] [           main] trationDelegate$BeanPostProcessorChecker : Bean 'org.springframework.cloud.client.loadbalancer.reactive.LoadBalancerBeanPostProcessorAutoConfiguration$ReactorDeferringLoadBalancerFilterConfig' of type [org.springframework.cloud.client.loadbalancer.reactive.LoadBalancerBeanPostProcessorAutoConfiguration$ReactorDeferringLoadBalancerFilterConfig] is not eligible for getting processed by all BeanPostProcessors (for example: not eligible for auto-proxying). Is this bean getting eagerly injected into a currently created BeanPostProcessor [loadBalancerWebClientBuilderBeanPostProcessor]? Check the corresponding BeanPostProcessor declaration and its dependencies.
2024-05-20T17:05:28.315+05:30  WARN 1880 --- [API-GATEWAY] [           main] trationDelegate$BeanPostProcessorChecker : Bean 'reactorDeferringLoadBalancerExchangeFilterFunction' of type [org.springframework.cloud.client.loadbalancer.reactive.DeferringLoadBalancerExchangeFilterFunction] is not eligible for getting processed by all BeanPostProcessors (for example: not eligible for auto-proxying). Is this bean getting eagerly injected into a currently created BeanPostProcessor [loadBalancerWebClientBuilderBeanPostProcessor]? Check the corresponding BeanPostProcessor declaration and its dependencies.
2024-05-20T17:05:29.927+05:30  INFO 1880 --- [API-GATEWAY] [           main] o.s.cloud.commons.util.InetUtils         : Cannot determine local hostname
2024-05-20T17:05:31.058+05:30  INFO 1880 --- [API-GATEWAY] [           main] o.s.cloud.commons.util.InetUtils         : Cannot determine local hostname
2024-05-20T17:05:31.534+05:30  INFO 1880 --- [API-GATEWAY] [           main] o.s.c.g.r.RouteDefinitionRouteLocator    : Loaded RoutePredicateFactory [After]
2024-05-20T17:05:31.534+05:30  INFO 1880 --- [API-GATEWAY] [           main] o.s.c.g.r.RouteDefinitionRouteLocator    : Loaded RoutePredicateFactory [Before]
2024-05-20T17:05:31.534+05:30  INFO 1880 --- [API-GATEWAY] [           main] o.s.c.g.r.RouteDefinitionRouteLocator    : Loaded RoutePredicateFactory [Between]
2024-05-20T17:05:31.534+05:30  INFO 1880 --- [API-GATEWAY] [           main] o.s.c.g.r.RouteDefinitionRouteLocator    : Loaded RoutePredicateFactory [Cookie]
2024-05-20T17:05:31.535+05:30  INFO 1880 --- [API-GATEWAY] [           main] o.s.c.g.r.RouteDefinitionRouteLocator    : Loaded RoutePredicateFactory [Header]
2024-05-20T17:05:31.535+05:30  INFO 1880 --- [API-GATEWAY] [           main] o.s.c.g.r.RouteDefinitionRouteLocator    : Loaded RoutePredicateFactory [Host]
2024-05-20T17:05:31.535+05:30  INFO 1880 --- [API-GATEWAY] [           main] o.s.c.g.r.RouteDefinitionRouteLocator    : Loaded RoutePredicateFactory [Method]
2024-05-20T17:05:31.535+05:30  INFO 1880 --- [API-GATEWAY] [           main] o.s.c.g.r.RouteDefinitionRouteLocator    : Loaded RoutePredicateFactory [Path]
2024-05-20T17:05:31.535+05:30  INFO 1880 --- [API-GATEWAY] [           main] o.s.c.g.r.RouteDefinitionRouteLocator    : Loaded RoutePredicateFactory [Query]
2024-05-20T17:05:31.535+05:30  INFO 1880 --- [API-GATEWAY] [           main] o.s.c.g.r.RouteDefinitionRouteLocator    : Loaded RoutePredicateFactory [ReadBody]
2024-05-20T17:05:31.535+05:30  INFO 1880 --- [API-GATEWAY] [           main] o.s.c.g.r.RouteDefinitionRouteLocator    : Loaded RoutePredicateFactory [RemoteAddr]
2024-05-20T17:05:31.535+05:30  INFO 1880 --- [API-GATEWAY] [           main] o.s.c.g.r.RouteDefinitionRouteLocator    : Loaded RoutePredicateFactory [XForwardedRemoteAddr]
2024-05-20T17:05:31.535+05:30  INFO 1880 --- [API-GATEWAY] [           main] o.s.c.g.r.RouteDefinitionRouteLocator    : Loaded RoutePredicateFactory [Weight]
2024-05-20T17:05:31.535+05:30  INFO 1880 --- [API-GATEWAY] [           main] o.s.c.g.r.RouteDefinitionRouteLocator    : Loaded RoutePredicateFactory [CloudFoundryRouteService]
2024-05-20T17:05:32.957+05:30  INFO 1880 --- [API-GATEWAY] [           main] o.s.cloud.commons.util.InetUtils         : Cannot determine local hostname
2024-05-20T17:05:32.980+05:30  INFO 1880 --- [API-GATEWAY] [           main] DiscoveryClientOptionalArgsConfiguration : Eureka HTTP Client uses RestTemplate.
2024-05-20T17:05:33.001+05:30  WARN 1880 --- [API-GATEWAY] [           main] iguration$LoadBalancerCaffeineWarnLogger : Spring Cloud LoadBalancer is currently working with the default cache. While this cache implementation is useful for development and tests, it's recommended to use Caffeine cache in production.You can switch to using Caffeine cache, by adding it and org.springframework.cache.caffeine.CaffeineCacheManager to the classpath.
2024-05-20T17:05:33.033+05:30  INFO 1880 --- [API-GATEWAY] [           main] o.s.c.n.eureka.InstanceInfoFactory       : Setting initial instance status as: STARTING
2024-05-20T17:05:33.136+05:30  INFO 1880 --- [API-GATEWAY] [           main] com.netflix.discovery.DiscoveryClient    : Initializing Eureka in region us-east-1
2024-05-20T17:05:33.143+05:30  INFO 1880 --- [API-GATEWAY] [           main] c.n.d.s.r.aws.ConfigClusterResolver      : Resolving eureka endpoints via configuration
2024-05-20T17:05:33.168+05:30  INFO 1880 --- [API-GATEWAY] [           main] com.netflix.discovery.DiscoveryClient    : Disable delta property : false
2024-05-20T17:05:33.168+05:30  INFO 1880 --- [API-GATEWAY] [           main] com.netflix.discovery.DiscoveryClient    : Single vip registry refresh property : null
2024-05-20T17:05:33.169+05:30  INFO 1880 --- [API-GATEWAY] [           main] com.netflix.discovery.DiscoveryClient    : Force full registry fetch : false
2024-05-20T17:05:33.169+05:30  INFO 1880 --- [API-GATEWAY] [           main] com.netflix.discovery.DiscoveryClient    : Application is null : false
2024-05-20T17:05:33.169+05:30  INFO 1880 --- [API-GATEWAY] [           main] com.netflix.discovery.DiscoveryClient    : Registered Applications size is zero : true
2024-05-20T17:05:33.169+05:30  INFO 1880 --- [API-GATEWAY] [           main] com.netflix.discovery.DiscoveryClient    : Application version is -1: true
2024-05-20T17:05:33.169+05:30  INFO 1880 --- [API-GATEWAY] [           main] com.netflix.discovery.DiscoveryClient    : Getting all instance registry info from the eureka server
2024-05-20T17:05:33.764+05:30  INFO 1880 --- [API-GATEWAY] [           main] com.netflix.discovery.DiscoveryClient    : The response status is 200
2024-05-20T17:05:33.767+05:30  INFO 1880 --- [API-GATEWAY] [           main] com.netflix.discovery.DiscoveryClient    : Starting heartbeat executor: renew interval is: 30
2024-05-20T17:05:33.771+05:30  INFO 1880 --- [API-GATEWAY] [           main] c.n.discovery.InstanceInfoReplicator     : InstanceInfoReplicator onDemand update allowed rate per min is 4
2024-05-20T17:05:33.777+05:30  INFO 1880 --- [API-GATEWAY] [           main] com.netflix.discovery.DiscoveryClient    : Discovery Client initialized at timestamp 1716204933775 with initial instances count: 5
2024-05-20T17:05:33.779+05:30  INFO 1880 --- [API-GATEWAY] [           main] o.s.c.n.e.s.EurekaServiceRegistry        : Registering application API-GATEWAY with eureka with status UP
2024-05-20T17:05:33.780+05:30  INFO 1880 --- [API-GATEWAY] [           main] com.netflix.discovery.DiscoveryClient    : Saw local status change event StatusChangeEvent [timestamp=1716204933780, current=UP, previous=STARTING]
2024-05-20T17:05:33.782+05:30  INFO 1880 --- [API-GATEWAY] [nfoReplicator-0] com.netflix.discovery.DiscoveryClient    : DiscoveryClient_API-GATEWAY/localhost:API-GATEWAY:8765: registering service...
2024-05-20T17:05:33.953+05:30  INFO 1880 --- [API-GATEWAY] [nfoReplicator-0] com.netflix.discovery.DiscoveryClient    : DiscoveryClient_API-GATEWAY/localhost:API-GATEWAY:8765 - registration status: 204
2024-05-20T17:05:33.957+05:30  INFO 1880 --- [API-GATEWAY] [           main] c.e.A.ApiGatewayApplicationTests         : Started ApiGatewayApplicationTests in 8.182 seconds (process running for 9.289)
]]></system-out>
  </testcase>
</testsuite>