<?xml version="1.0" encoding="UTF-8"?>
<testsuite xmlns:xsi="http://www.w3.org/2001/XMLSchema-instance" xsi:noNamespaceSchemaLocation="https://maven.apache.org/surefire/maven-surefire-plugin/xsd/surefire-test-report-3.0.xsd" version="3.0" name="com.example.OtpManagement.OtpManagementApplicationTests" time="9.786" tests="1" errors="0" skipped="0" failures="0">
  <properties>
[...]
</properties>
  <testcase name="contextLoads" classname="com.example.OtpManagement.OtpManagementApplicationTests" time="0.554">
    <system-out><![CDATA[15:37:27.280 [main] INFO org.springframework.test.context.support.AnnotationConfigContextLoaderUtils -- Could not detect default configuration classes for test class [com.example.OtpManagement.OtpManagementApplicationTests]: OtpManagementApplicationTests does not declare any static, non-private, non-final, nested classes annotated with @Configuration.
15:37:27.391 [main] INFO org.springframework.boot.test.context.SpringBootTestContextBootstrapper -- Found @SpringBootConfiguration com.example.OtpManagement.OtpManagementApplication for test class com.example.OtpManagement.OtpManagementApplicationTests

  .   ____          _            __ _ _
 /\\ / ___'_ __ _ _(_)_ __  __ _ \ \ \ \
( ( )\___ | '_ | '_| | '_ \/ _` | \ \ \ \
 \\/  ___)| |_)| | | | | || (_| |  ) ) ) )
  '  |____| .__|_| |_|_| |_\__, | / / / /
 =========|_|==============|___/=/_/_/_/
 :: Spring Boot ::                (v3.2.5)

2024-05-20T15:37:29.022+05:30  INFO 3256 --- [OtpManagement] [           main] c.e.O.OtpManagementApplicationTests      : Starting OtpManagementApplicationTests using Java 17.0.11 with PID 3256 (started by SOUVIK GHOSH in D:\SPE\Backend\OtpManagement)
2024-05-20T15:37:29.023+05:30  INFO 3256 --- [OtpManagement] [           main] c.e.O.OtpManagementApplicationTests      : No active profile set, falling back to 1 default profile: "default"
2024-05-20T15:37:29.737+05:30  INFO 3256 --- [OtpManagement] [           main] .s.d.r.c.RepositoryConfigurationDelegate : Bootstrapping Spring Data JPA repositories in DEFAULT mode.
2024-05-20T15:37:29.915+05:30  INFO 3256 --- [OtpManagement] [           main] .s.d.r.c.RepositoryConfigurationDelegate : Finished Spring Data repository scanning in 167 ms. Found 1 JPA repository interface.
2024-05-20T15:37:30.178+05:30  INFO 3256 --- [OtpManagement] [           main] o.s.cloud.context.scope.GenericScope     : BeanFactory id=00dfb2c5-9bb2-3196-a8af-7e6f4d9ffe79
2024-05-20T15:37:30.321+05:30  WARN 3256 --- [OtpManagement] [           main] trationDelegate$BeanPostProcessorChecker : Bean 'org.springframework.cloud.client.loadbalancer.LoadBalancerAutoConfiguration$DeferringLoadBalancerInterceptorConfig' of type [org.springframework.cloud.client.loadbalancer.LoadBalancerAutoConfiguration$DeferringLoadBalancerInterceptorConfig] is not eligible for getting processed by all BeanPostProcessors (for example: not eligible for auto-proxying). The currently created BeanPostProcessor [lbRestClientPostProcessor] is declared through a non-static factory method on that class; consider declaring it as static instead.
2024-05-20T15:37:30.324+05:30  WARN 3256 --- [OtpManagement] [           main] trationDelegate$BeanPostProcessorChecker : Bean 'deferringLoadBalancerInterceptor' of type [org.springframework.cloud.client.loadbalancer.DeferringLoadBalancerInterceptor] is not eligible for getting processed by all BeanPostProcessors (for example: not eligible for auto-proxying). Is this bean getting eagerly injected into a currently created BeanPostProcessor [lbRestClientPostProcessor]? Check the corresponding BeanPostProcessor declaration and its dependencies.
2024-05-20T15:37:30.478+05:30  INFO 3256 --- [OtpManagement] [           main] o.hibernate.jpa.internal.util.LogHelper  : HHH000204: Processing PersistenceUnitInfo [name: default]
2024-05-20T15:37:30.560+05:30  INFO 3256 --- [OtpManagement] [           main] org.hibernate.Version                    : HHH000412: Hibernate ORM core version 6.4.4.Final
2024-05-20T15:37:30.603+05:30  INFO 3256 --- [OtpManagement] [           main] o.h.c.internal.RegionFactoryInitiator    : HHH000026: Second-level cache disabled
2024-05-20T15:37:30.944+05:30  INFO 3256 --- [OtpManagement] [           main] o.s.o.j.p.SpringPersistenceUnitInfo      : No LoadTimeWeaver setup: ignoring JPA class transformer
2024-05-20T15:37:30.979+05:30  INFO 3256 --- [OtpManagement] [           main] com.zaxxer.hikari.HikariDataSource       : HikariPool-1 - Starting...
2024-05-20T15:37:31.428+05:30  INFO 3256 --- [OtpManagement] [           main] com.zaxxer.hikari.pool.HikariPool        : HikariPool-1 - Added connection com.mysql.cj.jdbc.ConnectionImpl@3cb04dd
2024-05-20T15:37:31.431+05:30  INFO 3256 --- [OtpManagement] [           main] com.zaxxer.hikari.HikariDataSource       : HikariPool-1 - Start completed.
2024-05-20T15:37:32.386+05:30  INFO 3256 --- [OtpManagement] [           main] o.h.e.t.j.p.i.JtaPlatformInitiator       : HHH000489: No JTA platform available (set 'hibernate.transaction.jta.platform' to enable JTA platform integration)
2024-05-20T15:37:32.454+05:30  INFO 3256 --- [OtpManagement] [           main] j.LocalContainerEntityManagerFactoryBean : Initialized JPA EntityManagerFactory for persistence unit 'default'
2024-05-20T15:37:32.920+05:30  WARN 3256 --- [OtpManagement] [           main] JpaBaseConfiguration$JpaWebConfiguration : spring.jpa.open-in-view is enabled by default. Therefore, database queries may be performed during view rendering. Explicitly configure spring.jpa.open-in-view to disable this warning
2024-05-20T15:37:34.531+05:30  INFO 3256 --- [OtpManagement] [           main] o.s.cloud.commons.util.InetUtils         : Cannot determine local hostname
2024-05-20T15:37:35.677+05:30  INFO 3256 --- [OtpManagement] [           main] o.s.cloud.commons.util.InetUtils         : Cannot determine local hostname
2024-05-20T15:37:35.700+05:30  INFO 3256 --- [OtpManagement] [           main] DiscoveryClientOptionalArgsConfiguration : Eureka HTTP Client uses RestTemplate.
2024-05-20T15:37:35.732+05:30  WARN 3256 --- [OtpManagement] [           main] iguration$LoadBalancerCaffeineWarnLogger : Spring Cloud LoadBalancer is currently working with the default cache. While this cache implementation is useful for development and tests, it's recommended to use Caffeine cache in production.You can switch to using Caffeine cache, by adding it and org.springframework.cache.caffeine.CaffeineCacheManager to the classpath.
2024-05-20T15:37:35.769+05:30  INFO 3256 --- [OtpManagement] [           main] o.s.c.n.eureka.InstanceInfoFactory       : Setting initial instance status as: STARTING
2024-05-20T15:37:35.864+05:30  INFO 3256 --- [OtpManagement] [           main] com.netflix.discovery.DiscoveryClient    : Initializing Eureka in region us-east-1
2024-05-20T15:37:35.869+05:30  INFO 3256 --- [OtpManagement] [           main] c.n.d.s.r.aws.ConfigClusterResolver      : Resolving eureka endpoints via configuration
2024-05-20T15:37:35.898+05:30  INFO 3256 --- [OtpManagement] [           main] com.netflix.discovery.DiscoveryClient    : Disable delta property : false
2024-05-20T15:37:35.898+05:30  INFO 3256 --- [OtpManagement] [           main] com.netflix.discovery.DiscoveryClient    : Single vip registry refresh property : null
2024-05-20T15:37:35.898+05:30  INFO 3256 --- [OtpManagement] [           main] com.netflix.discovery.DiscoveryClient    : Force full registry fetch : false
2024-05-20T15:37:35.898+05:30  INFO 3256 --- [OtpManagement] [           main] com.netflix.discovery.DiscoveryClient    : Application is null : false
2024-05-20T15:37:35.899+05:30  INFO 3256 --- [OtpManagement] [           main] com.netflix.discovery.DiscoveryClient    : Registered Applications size is zero : true
2024-05-20T15:37:35.899+05:30  INFO 3256 --- [OtpManagement] [           main] com.netflix.discovery.DiscoveryClient    : Application version is -1: true
2024-05-20T15:37:35.899+05:30  INFO 3256 --- [OtpManagement] [           main] com.netflix.discovery.DiscoveryClient    : Getting all instance registry info from the eureka server
2024-05-20T15:37:36.267+05:30  INFO 3256 --- [OtpManagement] [           main] com.netflix.discovery.DiscoveryClient    : The response status is 200
2024-05-20T15:37:36.270+05:30  INFO 3256 --- [OtpManagement] [           main] com.netflix.discovery.DiscoveryClient    : Starting heartbeat executor: renew interval is: 30
2024-05-20T15:37:36.273+05:30  INFO 3256 --- [OtpManagement] [           main] c.n.discovery.InstanceInfoReplicator     : InstanceInfoReplicator onDemand update allowed rate per min is 4
2024-05-20T15:37:36.278+05:30  INFO 3256 --- [OtpManagement] [           main] com.netflix.discovery.DiscoveryClient    : Discovery Client initialized at timestamp 1716199656277 with initial instances count: 2
2024-05-20T15:37:36.281+05:30  INFO 3256 --- [OtpManagement] [           main] o.s.c.n.e.s.EurekaServiceRegistry        : Registering application OTPMANAGEMENT with eureka with status UP
2024-05-20T15:37:36.282+05:30  INFO 3256 --- [OtpManagement] [           main] com.netflix.discovery.DiscoveryClient    : Saw local status change event StatusChangeEvent [timestamp=1716199656282, current=UP, previous=STARTING]
2024-05-20T15:37:36.283+05:30  INFO 3256 --- [OtpManagement] [nfoReplicator-0] com.netflix.discovery.DiscoveryClient    : DiscoveryClient_OTPMANAGEMENT/localhost:OtpManagement:8084: registering service...
2024-05-20T15:37:36.290+05:30  INFO 3256 --- [OtpManagement] [           main] c.e.O.OtpManagementApplicationTests      : Started OtpManagementApplicationTests in 8.713 seconds (process running for 9.819)
2024-05-20T15:37:36.389+05:30  INFO 3256 --- [OtpManagement] [nfoReplicator-0] com.netflix.discovery.DiscoveryClient    : DiscoveryClient_OTPMANAGEMENT/localhost:OtpManagement:8084 - registration status: 204
]]></system-out>
  </testcase>
</testsuite>